<?xml version="1.0" encoding="UTF-8"?>
<coverage generated="1759690924665" clover="3.2.0">
  <project timestamp="1759690924665" name="All files">
    <metrics statements="85" coveredstatements="85" conditionals="32" coveredconditionals="32" methods="14" coveredmethods="14" elements="131" coveredelements="131" complexity="0" loc="85" ncloc="85" packages="1" files="2" classes="2"/>
    <file name="readingWritingDatabase.js" path="C:\Users\Alexis\WebstormProjects\ToDoList\api\src\readingWritingDatabase.js">
      <metrics statements="8" coveredstatements="8" conditionals="2" coveredconditionals="2" methods="4" coveredmethods="4"/>
      <line num="1" count="2" type="stmt"/>
      <line num="7" count="6" type="stmt"/>
      <line num="16" count="26" type="cond" truecount="2" falsecount="0"/>
      <line num="17" count="1" type="stmt"/>
      <line num="20" count="25" type="stmt"/>
      <line num="29" count="15" type="stmt"/>
      <line num="37" count="29" type="stmt"/>
      <line num="41" count="2" type="stmt"/>
    </file>
    <file name="server.js" path="C:\Users\Alexis\WebstormProjects\ToDoList\api\src\server.js">
      <metrics statements="77" coveredstatements="77" conditionals="30" coveredconditionals="30" methods="10" coveredmethods="10"/>
      <line num="1" count="1" type="stmt"/>
      <line num="2" count="1" type="stmt"/>
      <line num="5" count="1" type="stmt"/>
      <line num="7" count="1" type="stmt"/>
      <line num="8" count="1" type="stmt"/>
      <line num="9" count="1" type="stmt"/>
      <line num="10" count="1" type="stmt"/>
      <line num="11" count="1" type="stmt"/>
      <line num="42" count="1" type="stmt"/>
      <line num="45" count="1" type="stmt"/>
      <line num="53" count="1" type="stmt"/>
      <line num="55" count="34" type="cond" truecount="2" falsecount="0"/>
      <line num="56" count="4" type="stmt"/>
      <line num="57" count="4" type="stmt"/>
      <line num="58" count="4" type="stmt"/>
      <line num="59" count="4" type="cond" truecount="2" falsecount="0"/>
      <line num="60" count="2" type="stmt"/>
      <line num="62" count="2" type="stmt"/>
      <line num="66" count="30" type="stmt"/>
      <line num="67" count="30" type="cond" truecount="4" falsecount="0"/>
      <line num="68" count="29" type="cond" truecount="2" falsecount="0"/>
      <line num="69" count="29" type="stmt"/>
      <line num="70" count="29" type="stmt"/>
      <line num="71" count="29" type="cond" truecount="2" falsecount="0"/>
      <line num="72" count="1" type="stmt"/>
      <line num="74" count="28" type="stmt"/>
      <line num="77" count="1" type="stmt"/>
      <line num="78" count="1" type="stmt"/>
      <line num="83" count="1" type="stmt"/>
      <line num="84" count="30" type="stmt"/>
      <line num="85" count="30" type="stmt"/>
      <line num="89" count="1" type="stmt"/>
      <line num="91" count="1" type="stmt"/>
      <line num="92" count="28" type="stmt"/>
      <line num="93" count="28" type="stmt"/>
      <line num="96" count="1" type="stmt"/>
      <line num="107" count="1" type="stmt"/>
      <line num="109" count="4" type="stmt"/>
      <line num="114" count="4" type="stmt"/>
      <line num="118" count="1" type="stmt"/>
      <line num="119" count="17" type="cond" truecount="2" falsecount="0"/>
      <line num="123" count="17" type="cond" truecount="4" falsecount="0"/>
      <line num="124" count="2" type="stmt"/>
      <line num="127" count="15" type="cond" truecount="2" falsecount="0"/>
      <line num="129" count="1" type="stmt"/>
      <line num="133" count="14" type="stmt"/>
      <line num="134" count="14" type="stmt"/>
      <line num="137" count="14" type="cond" truecount="2" falsecount="0"/>
      <line num="139" count="3" type="stmt"/>
      <line num="142" count="11" type="cond" truecount="2" falsecount="0"/>
      <line num="144" count="1" type="stmt"/>
      <line num="148" count="10" type="stmt"/>
      <line num="149" count="10" type="stmt"/>
      <line num="150" count="10" type="stmt"/>
      <line num="151" count="10" type="stmt"/>
      <line num="154" count="10" type="stmt"/>
      <line num="158" count="1" type="stmt"/>
      <line num="160" count="5" type="stmt"/>
      <line num="161" count="5" type="stmt"/>
      <line num="164" count="5" type="stmt"/>
      <line num="167" count="5" type="stmt"/>
      <line num="168" count="5" type="cond" truecount="2" falsecount="0"/>
      <line num="169" count="1" type="stmt"/>
      <line num="173" count="4" type="cond" truecount="2" falsecount="0"/>
      <line num="174" count="1" type="stmt"/>
      <line num="178" count="3" type="stmt"/>
      <line num="179" count="3" type="stmt"/>
      <line num="180" count="3" type="stmt"/>
      <line num="183" count="1" type="stmt"/>
      <line num="185" count="2" type="stmt"/>
      <line num="188" count="2" type="stmt"/>
      <line num="191" count="2" type="stmt"/>
      <line num="194" count="2" type="cond" truecount="2" falsecount="0"/>
      <line num="195" count="1" type="stmt"/>
      <line num="199" count="1" type="stmt"/>
      <line num="200" count="1" type="stmt"/>
      <line num="203" count="1" type="stmt"/>
    </file>
  </project>
</coverage>
