<?xml version="1.0" encoding="UTF-8"?>
<coverage generated="1759685459267" clover="3.2.0">
  <project timestamp="1759685459267" name="All files">
    <metrics statements="68" coveredstatements="68" conditionals="24" coveredconditionals="24" methods="13" coveredmethods="13" elements="105" coveredelements="105" complexity="0" loc="68" ncloc="68" packages="1" files="2" classes="2"/>
    <file name="readingWritingDatabase.js" path="C:\Users\Alexis\WebstormProjects\ToDoList\api\src\readingWritingDatabase.js">
      <metrics statements="8" coveredstatements="8" conditionals="2" coveredconditionals="2" methods="4" coveredmethods="4"/>
      <line num="1" count="2" type="stmt"/>
      <line num="7" count="6" type="stmt"/>
      <line num="16" count="26" type="cond" truecount="2" falsecount="0"/>
      <line num="17" count="1" type="stmt"/>
      <line num="20" count="25" type="stmt"/>
      <line num="29" count="15" type="stmt"/>
      <line num="37" count="24" type="stmt"/>
      <line num="41" count="2" type="stmt"/>
    </file>
    <file name="server.js" path="C:\Users\Alexis\WebstormProjects\ToDoList\api\src\server.js">
      <metrics statements="60" coveredstatements="60" conditionals="22" coveredconditionals="22" methods="9" coveredmethods="9"/>
      <line num="1" count="1" type="stmt"/>
      <line num="2" count="1" type="stmt"/>
      <line num="33" count="1" type="stmt"/>
      <line num="36" count="1" type="stmt"/>
      <line num="41" count="1" type="stmt"/>
      <line num="43" count="29" type="cond" truecount="4" falsecount="0"/>
      <line num="44" count="28" type="stmt"/>
      <line num="46" count="1" type="stmt"/>
      <line num="52" count="1" type="stmt"/>
      <line num="53" count="28" type="stmt"/>
      <line num="54" count="28" type="stmt"/>
      <line num="57" count="1" type="stmt"/>
      <line num="61" count="1" type="stmt"/>
      <line num="63" count="1" type="stmt"/>
      <line num="64" count="1" type="stmt"/>
      <line num="65" count="1" type="stmt"/>
      <line num="67" count="1" type="stmt"/>
      <line num="68" count="1" type="stmt"/>
      <line num="70" count="1" type="stmt"/>
      <line num="81" count="1" type="stmt"/>
      <line num="83" count="4" type="stmt"/>
      <line num="88" count="4" type="stmt"/>
      <line num="92" count="1" type="stmt"/>
      <line num="93" count="17" type="cond" truecount="2" falsecount="0"/>
      <line num="97" count="17" type="cond" truecount="4" falsecount="0"/>
      <line num="98" count="2" type="stmt"/>
      <line num="101" count="15" type="cond" truecount="2" falsecount="0"/>
      <line num="103" count="1" type="stmt"/>
      <line num="107" count="14" type="stmt"/>
      <line num="108" count="14" type="stmt"/>
      <line num="111" count="14" type="cond" truecount="2" falsecount="0"/>
      <line num="113" count="3" type="stmt"/>
      <line num="116" count="11" type="cond" truecount="2" falsecount="0"/>
      <line num="118" count="1" type="stmt"/>
      <line num="122" count="10" type="stmt"/>
      <line num="123" count="10" type="stmt"/>
      <line num="124" count="10" type="stmt"/>
      <line num="125" count="10" type="stmt"/>
      <line num="128" count="10" type="stmt"/>
      <line num="132" count="1" type="stmt"/>
      <line num="134" count="5" type="stmt"/>
      <line num="135" count="5" type="stmt"/>
      <line num="138" count="5" type="stmt"/>
      <line num="141" count="5" type="stmt"/>
      <line num="142" count="5" type="cond" truecount="2" falsecount="0"/>
      <line num="143" count="1" type="stmt"/>
      <line num="147" count="4" type="cond" truecount="2" falsecount="0"/>
      <line num="148" count="1" type="stmt"/>
      <line num="152" count="3" type="stmt"/>
      <line num="153" count="3" type="stmt"/>
      <line num="154" count="3" type="stmt"/>
      <line num="157" count="1" type="stmt"/>
      <line num="159" count="2" type="stmt"/>
      <line num="162" count="2" type="stmt"/>
      <line num="165" count="2" type="stmt"/>
      <line num="168" count="2" type="cond" truecount="2" falsecount="0"/>
      <line num="169" count="1" type="stmt"/>
      <line num="173" count="1" type="stmt"/>
      <line num="174" count="1" type="stmt"/>
      <line num="177" count="1" type="stmt"/>
    </file>
  </project>
</coverage>
