{"C:\\Users\\Alexis\\WebstormProjects\\ToDoList\\api\\src\\readingWritingDatabase.js": {"path":"C:\\Users\\Alexis\\WebstormProjects\\ToDoList\\api\\src\\readingWritingDatabase.js","statementMap":{"0":{"start":{"line":1,"column":11},"end":{"line":1,"column":24}},"1":{"start":{"line":7,"column":8},"end":{"line":7,"column":36}},"2":{"start":{"line":16,"column":8},"end":{"line":21,"column":9}},"3":{"start":{"line":17,"column":12},"end":{"line":17,"column":66}},"4":{"start":{"line":20,"column":12},"end":{"line":20,"column":64}},"5":{"start":{"line":29,"column":8},"end":{"line":29,"column":74}},"6":{"start":{"line":37,"column":8},"end":{"line":37,"column":48}},"7":{"start":{"line":41,"column":0},"end":{"line":41,"column":40}}},"fnMap":{"0":{"name":"(anonymous_0)","decl":{"start":{"line":6,"column":4},"end":{"line":6,"column":5}},"loc":{"start":{"line":6,"column":27},"end":{"line":8,"column":5}},"line":6},"1":{"name":"(anonymous_1)","decl":{"start":{"line":14,"column":4},"end":{"line":14,"column":5}},"loc":{"start":{"line":14,"column":16},"end":{"line":22,"column":5}},"line":14},"2":{"name":"(anonymous_2)","decl":{"start":{"line":28,"column":4},"end":{"line":28,"column":5}},"loc":{"start":{"line":28,"column":22},"end":{"line":30,"column":5}},"line":28},"3":{"name":"(anonymous_3)","decl":{"start":{"line":36,"column":4},"end":{"line":36,"column":5}},"loc":{"start":{"line":36,"column":11},"end":{"line":38,"column":5}},"line":36}},"branchMap":{"0":{"loc":{"start":{"line":16,"column":8},"end":{"line":21,"column":9}},"type":"if","locations":[{"start":{"line":16,"column":8},"end":{"line":21,"column":9}},{"start":{"line":19,"column":12},"end":{"line":21,"column":9}}],"line":16}},"s":{"0":2,"1":6,"2":26,"3":1,"4":25,"5":15,"6":29,"7":2},"f":{"0":6,"1":26,"2":15,"3":29},"b":{"0":[1,25]},"_coverageSchema":"1a1c01bbd47fc00a2c39e90264f33305004495a9","hash":"20a70652c6a9d284d50b54004aed42361c899d04"}
,"C:\\Users\\Alexis\\WebstormProjects\\ToDoList\\api\\src\\server.js": {"path":"C:\\Users\\Alexis\\WebstormProjects\\ToDoList\\api\\src\\server.js","statementMap":{"0":{"start":{"line":1,"column":16},"end":{"line":1,"column":34}},"1":{"start":{"line":2,"column":13},"end":{"line":2,"column":28}},"2":{"start":{"line":5,"column":31},"end":{"line":5,"column":66}},"3":{"start":{"line":7,"column":11},"end":{"line":7,"column":24}},"4":{"start":{"line":8,"column":13},"end":{"line":8,"column":28}},"5":{"start":{"line":9,"column":18},"end":{"line":9,"column":47}},"6":{"start":{"line":10,"column":20},"end":{"line":10,"column":65}},"7":{"start":{"line":11,"column":24},"end":{"line":11,"column":47}},"8":{"start":{"line":41,"column":12},"end":{"line":41,"column":21}},"9":{"start":{"line":44,"column":23},"end":{"line":48,"column":1}},"10":{"start":{"line":52,"column":0},"end":{"line":63,"column":3}},"11":{"start":{"line":53,"column":19},"end":{"line":53,"column":37}},"12":{"start":{"line":54,"column":4},"end":{"line":62,"column":5}},"13":{"start":{"line":55,"column":8},"end":{"line":59,"column":27}},"14":{"start":{"line":56,"column":44},"end":{"line":56,"column":65}},"15":{"start":{"line":61,"column":8},"end":{"line":61,"column":52}},"16":{"start":{"line":66,"column":0},"end":{"line":69,"column":3}},"17":{"start":{"line":67,"column":4},"end":{"line":67,"column":67}},"18":{"start":{"line":68,"column":4},"end":{"line":68,"column":11}},"19":{"start":{"line":72,"column":0},"end":{"line":72,"column":81}},"20":{"start":{"line":74,"column":0},"end":{"line":77,"column":3}},"21":{"start":{"line":75,"column":4},"end":{"line":75,"column":67}},"22":{"start":{"line":76,"column":4},"end":{"line":76,"column":11}},"23":{"start":{"line":79,"column":0},"end":{"line":79,"column":24}},"24":{"start":{"line":90,"column":0},"end":{"line":98,"column":3}},"25":{"start":{"line":92,"column":18},"end":{"line":96,"column":7}},"26":{"start":{"line":92,"column":48},"end":{"line":96,"column":5}},"27":{"start":{"line":97,"column":4},"end":{"line":97,"column":32}},"28":{"start":{"line":101,"column":0},"end":{"line":138,"column":3}},"29":{"start":{"line":102,"column":52},"end":{"line":102,"column":60}},"30":{"start":{"line":106,"column":4},"end":{"line":108,"column":5}},"31":{"start":{"line":107,"column":8},"end":{"line":107,"column":64}},"32":{"start":{"line":110,"column":4},"end":{"line":113,"column":5}},"33":{"start":{"line":112,"column":8},"end":{"line":112,"column":70}},"34":{"start":{"line":116,"column":4},"end":{"line":116,"column":78}},"35":{"start":{"line":117,"column":4},"end":{"line":117,"column":90}},"36":{"start":{"line":120,"column":4},"end":{"line":123,"column":5}},"37":{"start":{"line":122,"column":8},"end":{"line":122,"column":70}},"38":{"start":{"line":125,"column":4},"end":{"line":128,"column":5}},"39":{"start":{"line":127,"column":8},"end":{"line":127,"column":65}},"40":{"start":{"line":131,"column":18},"end":{"line":131,"column":34}},"41":{"start":{"line":132,"column":20},"end":{"line":132,"column":66}},"42":{"start":{"line":133,"column":4},"end":{"line":133,"column":24}},"43":{"start":{"line":134,"column":4},"end":{"line":134,"column":27}},"44":{"start":{"line":137,"column":4},"end":{"line":137,"column":34}},"45":{"start":{"line":141,"column":0},"end":{"line":164,"column":3}},"46":{"start":{"line":143,"column":17},"end":{"line":143,"column":27}},"47":{"start":{"line":144,"column":21},"end":{"line":144,"column":29}},"48":{"start":{"line":147,"column":21},"end":{"line":147,"column":37}},"49":{"start":{"line":150,"column":17},"end":{"line":150,"column":62}},"50":{"start":{"line":150,"column":39},"end":{"line":150,"column":61}},"51":{"start":{"line":151,"column":4},"end":{"line":153,"column":5}},"52":{"start":{"line":152,"column":8},"end":{"line":152,"column":65}},"53":{"start":{"line":156,"column":4},"end":{"line":158,"column":5}},"54":{"start":{"line":157,"column":8},"end":{"line":157,"column":65}},"55":{"start":{"line":161,"column":4},"end":{"line":161,"column":25}},"56":{"start":{"line":162,"column":4},"end":{"line":162,"column":30}},"57":{"start":{"line":163,"column":4},"end":{"line":163,"column":31}},"58":{"start":{"line":166,"column":0},"end":{"line":184,"column":3}},"59":{"start":{"line":168,"column":17},"end":{"line":168,"column":27}},"60":{"start":{"line":171,"column":21},"end":{"line":171,"column":37}},"61":{"start":{"line":174,"column":21},"end":{"line":174,"column":62}},"62":{"start":{"line":174,"column":42},"end":{"line":174,"column":61}},"63":{"start":{"line":177,"column":4},"end":{"line":179,"column":5}},"64":{"start":{"line":178,"column":8},"end":{"line":178,"column":65}},"65":{"start":{"line":182,"column":4},"end":{"line":182,"column":30}},"66":{"start":{"line":183,"column":4},"end":{"line":183,"column":27}},"67":{"start":{"line":186,"column":0},"end":{"line":186,"column":21}}},"fnMap":{"0":{"name":"(anonymous_0)","decl":{"start":{"line":52,"column":8},"end":{"line":52,"column":9}},"loc":{"start":{"line":52,"column":28},"end":{"line":63,"column":1}},"line":52},"1":{"name":"(anonymous_1)","decl":{"start":{"line":56,"column":20},"end":{"line":56,"column":21}},"loc":{"start":{"line":56,"column":42},"end":{"line":56,"column":67}},"line":56},"2":{"name":"(anonymous_2)","decl":{"start":{"line":66,"column":8},"end":{"line":66,"column":9}},"loc":{"start":{"line":66,"column":28},"end":{"line":69,"column":1}},"line":66},"3":{"name":"(anonymous_3)","decl":{"start":{"line":74,"column":8},"end":{"line":74,"column":9}},"loc":{"start":{"line":74,"column":28},"end":{"line":77,"column":1}},"line":74},"4":{"name":"(anonymous_4)","decl":{"start":{"line":90,"column":18},"end":{"line":90,"column":19}},"loc":{"start":{"line":90,"column":32},"end":{"line":98,"column":1}},"line":90},"5":{"name":"(anonymous_5)","decl":{"start":{"line":92,"column":39},"end":{"line":92,"column":40}},"loc":{"start":{"line":92,"column":48},"end":{"line":96,"column":5}},"line":92},"6":{"name":"(anonymous_6)","decl":{"start":{"line":101,"column":19},"end":{"line":101,"column":20}},"loc":{"start":{"line":101,"column":33},"end":{"line":138,"column":1}},"line":101},"7":{"name":"(anonymous_7)","decl":{"start":{"line":141,"column":24},"end":{"line":141,"column":25}},"loc":{"start":{"line":141,"column":38},"end":{"line":164,"column":1}},"line":141},"8":{"name":"(anonymous_8)","decl":{"start":{"line":150,"column":31},"end":{"line":150,"column":32}},"loc":{"start":{"line":150,"column":39},"end":{"line":150,"column":61}},"line":150},"9":{"name":"(anonymous_9)","decl":{"start":{"line":166,"column":25},"end":{"line":166,"column":26}},"loc":{"start":{"line":166,"column":39},"end":{"line":184,"column":1}},"line":166},"10":{"name":"(anonymous_10)","decl":{"start":{"line":174,"column":37},"end":{"line":174,"column":38}},"loc":{"start":{"line":174,"column":42},"end":{"line":174,"column":61}},"line":174}},"branchMap":{"0":{"loc":{"start":{"line":54,"column":4},"end":{"line":62,"column":5}},"type":"if","locations":[{"start":{"line":54,"column":4},"end":{"line":62,"column":5}},{"start":{"line":60,"column":11},"end":{"line":62,"column":5}}],"line":54},"1":{"loc":{"start":{"line":54,"column":8},"end":{"line":54,"column":50}},"type":"binary-expr","locations":[{"start":{"line":54,"column":8},"end":{"line":54,"column":15}},{"start":{"line":54,"column":19},"end":{"line":54,"column":50}}],"line":54},"2":{"loc":{"start":{"line":102,"column":16},"end":{"line":102,"column":30}},"type":"default-arg","locations":[{"start":{"line":102,"column":28},"end":{"line":102,"column":30}}],"line":102},"3":{"loc":{"start":{"line":102,"column":32},"end":{"line":102,"column":47}},"type":"default-arg","locations":[{"start":{"line":102,"column":41},"end":{"line":102,"column":47}}],"line":102},"4":{"loc":{"start":{"line":106,"column":4},"end":{"line":108,"column":5}},"type":"if","locations":[{"start":{"line":106,"column":4},"end":{"line":108,"column":5}},{"start":{},"end":{}}],"line":106},"5":{"loc":{"start":{"line":106,"column":7},"end":{"line":106,"column":46}},"type":"binary-expr","locations":[{"start":{"line":106,"column":7},"end":{"line":106,"column":24}},{"start":{"line":106,"column":28},"end":{"line":106,"column":46}}],"line":106},"6":{"loc":{"start":{"line":110,"column":4},"end":{"line":113,"column":5}},"type":"if","locations":[{"start":{"line":110,"column":4},"end":{"line":113,"column":5}},{"start":{},"end":{}}],"line":110},"7":{"loc":{"start":{"line":120,"column":4},"end":{"line":123,"column":5}},"type":"if","locations":[{"start":{"line":120,"column":4},"end":{"line":123,"column":5}},{"start":{},"end":{}}],"line":120},"8":{"loc":{"start":{"line":125,"column":4},"end":{"line":128,"column":5}},"type":"if","locations":[{"start":{"line":125,"column":4},"end":{"line":128,"column":5}},{"start":{},"end":{}}],"line":125},"9":{"loc":{"start":{"line":151,"column":4},"end":{"line":153,"column":5}},"type":"if","locations":[{"start":{"line":151,"column":4},"end":{"line":153,"column":5}},{"start":{},"end":{}}],"line":151},"10":{"loc":{"start":{"line":156,"column":4},"end":{"line":158,"column":5}},"type":"if","locations":[{"start":{"line":156,"column":4},"end":{"line":158,"column":5}},{"start":{},"end":{}}],"line":156},"11":{"loc":{"start":{"line":177,"column":4},"end":{"line":179,"column":5}},"type":"if","locations":[{"start":{"line":177,"column":4},"end":{"line":179,"column":5}},{"start":{},"end":{}}],"line":177}},"s":{"0":1,"1":1,"2":1,"3":1,"4":1,"5":1,"6":1,"7":1,"8":1,"9":1,"10":1,"11":34,"12":34,"13":33,"14":33,"15":1,"16":1,"17":30,"18":30,"19":1,"20":1,"21":28,"22":28,"23":1,"24":1,"25":4,"26":2,"27":4,"28":1,"29":17,"30":17,"31":2,"32":15,"33":1,"34":14,"35":14,"36":14,"37":3,"38":11,"39":1,"40":10,"41":10,"42":10,"43":10,"44":10,"45":1,"46":5,"47":5,"48":5,"49":5,"50":4,"51":5,"52":1,"53":4,"54":1,"55":3,"56":3,"57":3,"58":1,"59":2,"60":2,"61":2,"62":1,"63":2,"64":1,"65":1,"66":1,"67":1},"f":{"0":34,"1":33,"2":30,"3":28,"4":4,"5":2,"6":17,"7":5,"8":4,"9":2,"10":1},"b":{"0":[33,1],"1":[34,8],"2":[7],"3":[7],"4":[2,15],"5":[17,16],"6":[1,14],"7":[3,11],"8":[1,10],"9":[1,4],"10":[1,3],"11":[1,1]},"_coverageSchema":"1a1c01bbd47fc00a2c39e90264f33305004495a9","hash":"5fbbb25185d2a88f6e0feb11cace95ba75699e55"}
}
