{"C:\\Users\\Alexis\\WebstormProjects\\ToDoList\\api\\src\\readingWritingDatabase.js": {"path":"C:\\Users\\Alexis\\WebstormProjects\\ToDoList\\api\\src\\readingWritingDatabase.js","statementMap":{"0":{"start":{"line":1,"column":11},"end":{"line":1,"column":24}},"1":{"start":{"line":7,"column":8},"end":{"line":7,"column":36}},"2":{"start":{"line":16,"column":8},"end":{"line":21,"column":9}},"3":{"start":{"line":17,"column":12},"end":{"line":17,"column":66}},"4":{"start":{"line":20,"column":12},"end":{"line":20,"column":64}},"5":{"start":{"line":30,"column":8},"end":{"line":30,"column":74}},"6":{"start":{"line":38,"column":8},"end":{"line":38,"column":48}},"7":{"start":{"line":42,"column":0},"end":{"line":42,"column":40}}},"fnMap":{"0":{"name":"(anonymous_0)","decl":{"start":{"line":6,"column":4},"end":{"line":6,"column":5}},"loc":{"start":{"line":6,"column":27},"end":{"line":8,"column":5}},"line":6},"1":{"name":"(anonymous_1)","decl":{"start":{"line":14,"column":4},"end":{"line":14,"column":5}},"loc":{"start":{"line":14,"column":16},"end":{"line":22,"column":5}},"line":14},"2":{"name":"(anonymous_2)","decl":{"start":{"line":29,"column":4},"end":{"line":29,"column":5}},"loc":{"start":{"line":29,"column":22},"end":{"line":31,"column":5}},"line":29},"3":{"name":"(anonymous_3)","decl":{"start":{"line":37,"column":4},"end":{"line":37,"column":5}},"loc":{"start":{"line":37,"column":11},"end":{"line":39,"column":5}},"line":37}},"branchMap":{"0":{"loc":{"start":{"line":16,"column":8},"end":{"line":21,"column":9}},"type":"if","locations":[{"start":{"line":16,"column":8},"end":{"line":21,"column":9}},{"start":{"line":19,"column":12},"end":{"line":21,"column":9}}],"line":16}},"s":{"0":2,"1":6,"2":26,"3":1,"4":25,"5":15,"6":29,"7":2},"f":{"0":6,"1":26,"2":15,"3":29},"b":{"0":[1,25]},"_coverageSchema":"1a1c01bbd47fc00a2c39e90264f33305004495a9","hash":"3332d03348a8004b930cfe880bd5d1a5439c11f7"}
,"C:\\Users\\Alexis\\WebstormProjects\\ToDoList\\api\\src\\server.js": {"path":"C:\\Users\\Alexis\\WebstormProjects\\ToDoList\\api\\src\\server.js","statementMap":{"0":{"start":{"line":1,"column":16},"end":{"line":1,"column":34}},"1":{"start":{"line":2,"column":13},"end":{"line":2,"column":28}},"2":{"start":{"line":5,"column":31},"end":{"line":5,"column":66}},"3":{"start":{"line":7,"column":11},"end":{"line":7,"column":24}},"4":{"start":{"line":8,"column":13},"end":{"line":8,"column":28}},"5":{"start":{"line":9,"column":18},"end":{"line":9,"column":47}},"6":{"start":{"line":10,"column":20},"end":{"line":10,"column":65}},"7":{"start":{"line":11,"column":24},"end":{"line":11,"column":47}},"8":{"start":{"line":41,"column":12},"end":{"line":41,"column":21}},"9":{"start":{"line":44,"column":23},"end":{"line":49,"column":1}},"10":{"start":{"line":52,"column":0},"end":{"line":52,"column":81}},"11":{"start":{"line":56,"column":0},"end":{"line":68,"column":3}},"12":{"start":{"line":57,"column":19},"end":{"line":57,"column":37}},"13":{"start":{"line":58,"column":4},"end":{"line":67,"column":5}},"14":{"start":{"line":59,"column":8},"end":{"line":63,"column":27}},"15":{"start":{"line":60,"column":44},"end":{"line":60,"column":65}},"16":{"start":{"line":66,"column":8},"end":{"line":66,"column":52}},"17":{"start":{"line":71,"column":0},"end":{"line":74,"column":3}},"18":{"start":{"line":72,"column":4},"end":{"line":72,"column":67}},"19":{"start":{"line":73,"column":4},"end":{"line":73,"column":11}},"20":{"start":{"line":76,"column":0},"end":{"line":76,"column":24}},"21":{"start":{"line":87,"column":0},"end":{"line":95,"column":3}},"22":{"start":{"line":89,"column":18},"end":{"line":93,"column":7}},"23":{"start":{"line":89,"column":48},"end":{"line":93,"column":5}},"24":{"start":{"line":94,"column":4},"end":{"line":94,"column":32}},"25":{"start":{"line":98,"column":0},"end":{"line":135,"column":3}},"26":{"start":{"line":99,"column":52},"end":{"line":99,"column":60}},"27":{"start":{"line":103,"column":4},"end":{"line":105,"column":5}},"28":{"start":{"line":104,"column":8},"end":{"line":104,"column":64}},"29":{"start":{"line":107,"column":4},"end":{"line":110,"column":5}},"30":{"start":{"line":109,"column":8},"end":{"line":109,"column":70}},"31":{"start":{"line":113,"column":4},"end":{"line":113,"column":78}},"32":{"start":{"line":114,"column":4},"end":{"line":114,"column":90}},"33":{"start":{"line":117,"column":4},"end":{"line":120,"column":5}},"34":{"start":{"line":119,"column":8},"end":{"line":119,"column":70}},"35":{"start":{"line":122,"column":4},"end":{"line":125,"column":5}},"36":{"start":{"line":124,"column":8},"end":{"line":124,"column":65}},"37":{"start":{"line":128,"column":18},"end":{"line":128,"column":34}},"38":{"start":{"line":129,"column":20},"end":{"line":129,"column":66}},"39":{"start":{"line":130,"column":4},"end":{"line":130,"column":24}},"40":{"start":{"line":131,"column":4},"end":{"line":131,"column":27}},"41":{"start":{"line":134,"column":4},"end":{"line":134,"column":34}},"42":{"start":{"line":138,"column":0},"end":{"line":161,"column":3}},"43":{"start":{"line":140,"column":17},"end":{"line":140,"column":27}},"44":{"start":{"line":141,"column":21},"end":{"line":141,"column":29}},"45":{"start":{"line":144,"column":21},"end":{"line":144,"column":37}},"46":{"start":{"line":147,"column":17},"end":{"line":147,"column":62}},"47":{"start":{"line":147,"column":39},"end":{"line":147,"column":61}},"48":{"start":{"line":148,"column":4},"end":{"line":150,"column":5}},"49":{"start":{"line":149,"column":8},"end":{"line":149,"column":65}},"50":{"start":{"line":153,"column":4},"end":{"line":155,"column":5}},"51":{"start":{"line":154,"column":8},"end":{"line":154,"column":65}},"52":{"start":{"line":158,"column":4},"end":{"line":158,"column":25}},"53":{"start":{"line":159,"column":4},"end":{"line":159,"column":30}},"54":{"start":{"line":160,"column":4},"end":{"line":160,"column":31}},"55":{"start":{"line":163,"column":0},"end":{"line":181,"column":3}},"56":{"start":{"line":165,"column":17},"end":{"line":165,"column":27}},"57":{"start":{"line":168,"column":21},"end":{"line":168,"column":37}},"58":{"start":{"line":171,"column":21},"end":{"line":171,"column":62}},"59":{"start":{"line":171,"column":42},"end":{"line":171,"column":61}},"60":{"start":{"line":174,"column":4},"end":{"line":176,"column":5}},"61":{"start":{"line":175,"column":8},"end":{"line":175,"column":65}},"62":{"start":{"line":179,"column":4},"end":{"line":179,"column":30}},"63":{"start":{"line":180,"column":4},"end":{"line":180,"column":27}},"64":{"start":{"line":183,"column":0},"end":{"line":183,"column":21}}},"fnMap":{"0":{"name":"(anonymous_0)","decl":{"start":{"line":56,"column":8},"end":{"line":56,"column":9}},"loc":{"start":{"line":56,"column":28},"end":{"line":68,"column":1}},"line":56},"1":{"name":"(anonymous_1)","decl":{"start":{"line":60,"column":20},"end":{"line":60,"column":21}},"loc":{"start":{"line":60,"column":42},"end":{"line":60,"column":67}},"line":60},"2":{"name":"(anonymous_2)","decl":{"start":{"line":71,"column":8},"end":{"line":71,"column":9}},"loc":{"start":{"line":71,"column":28},"end":{"line":74,"column":1}},"line":71},"3":{"name":"(anonymous_3)","decl":{"start":{"line":87,"column":18},"end":{"line":87,"column":19}},"loc":{"start":{"line":87,"column":32},"end":{"line":95,"column":1}},"line":87},"4":{"name":"(anonymous_4)","decl":{"start":{"line":89,"column":39},"end":{"line":89,"column":40}},"loc":{"start":{"line":89,"column":48},"end":{"line":93,"column":5}},"line":89},"5":{"name":"(anonymous_5)","decl":{"start":{"line":98,"column":19},"end":{"line":98,"column":20}},"loc":{"start":{"line":98,"column":33},"end":{"line":135,"column":1}},"line":98},"6":{"name":"(anonymous_6)","decl":{"start":{"line":138,"column":24},"end":{"line":138,"column":25}},"loc":{"start":{"line":138,"column":38},"end":{"line":161,"column":1}},"line":138},"7":{"name":"(anonymous_7)","decl":{"start":{"line":147,"column":31},"end":{"line":147,"column":32}},"loc":{"start":{"line":147,"column":39},"end":{"line":147,"column":61}},"line":147},"8":{"name":"(anonymous_8)","decl":{"start":{"line":163,"column":25},"end":{"line":163,"column":26}},"loc":{"start":{"line":163,"column":39},"end":{"line":181,"column":1}},"line":163},"9":{"name":"(anonymous_9)","decl":{"start":{"line":171,"column":37},"end":{"line":171,"column":38}},"loc":{"start":{"line":171,"column":42},"end":{"line":171,"column":61}},"line":171}},"branchMap":{"0":{"loc":{"start":{"line":58,"column":4},"end":{"line":67,"column":5}},"type":"if","locations":[{"start":{"line":58,"column":4},"end":{"line":67,"column":5}},{"start":{"line":65,"column":9},"end":{"line":67,"column":5}}],"line":58},"1":{"loc":{"start":{"line":58,"column":8},"end":{"line":58,"column":50}},"type":"binary-expr","locations":[{"start":{"line":58,"column":8},"end":{"line":58,"column":15}},{"start":{"line":58,"column":19},"end":{"line":58,"column":50}}],"line":58},"2":{"loc":{"start":{"line":99,"column":16},"end":{"line":99,"column":30}},"type":"default-arg","locations":[{"start":{"line":99,"column":28},"end":{"line":99,"column":30}}],"line":99},"3":{"loc":{"start":{"line":99,"column":32},"end":{"line":99,"column":47}},"type":"default-arg","locations":[{"start":{"line":99,"column":41},"end":{"line":99,"column":47}}],"line":99},"4":{"loc":{"start":{"line":103,"column":4},"end":{"line":105,"column":5}},"type":"if","locations":[{"start":{"line":103,"column":4},"end":{"line":105,"column":5}},{"start":{},"end":{}}],"line":103},"5":{"loc":{"start":{"line":103,"column":7},"end":{"line":103,"column":46}},"type":"binary-expr","locations":[{"start":{"line":103,"column":7},"end":{"line":103,"column":24}},{"start":{"line":103,"column":28},"end":{"line":103,"column":46}}],"line":103},"6":{"loc":{"start":{"line":107,"column":4},"end":{"line":110,"column":5}},"type":"if","locations":[{"start":{"line":107,"column":4},"end":{"line":110,"column":5}},{"start":{},"end":{}}],"line":107},"7":{"loc":{"start":{"line":117,"column":4},"end":{"line":120,"column":5}},"type":"if","locations":[{"start":{"line":117,"column":4},"end":{"line":120,"column":5}},{"start":{},"end":{}}],"line":117},"8":{"loc":{"start":{"line":122,"column":4},"end":{"line":125,"column":5}},"type":"if","locations":[{"start":{"line":122,"column":4},"end":{"line":125,"column":5}},{"start":{},"end":{}}],"line":122},"9":{"loc":{"start":{"line":148,"column":4},"end":{"line":150,"column":5}},"type":"if","locations":[{"start":{"line":148,"column":4},"end":{"line":150,"column":5}},{"start":{},"end":{}}],"line":148},"10":{"loc":{"start":{"line":153,"column":4},"end":{"line":155,"column":5}},"type":"if","locations":[{"start":{"line":153,"column":4},"end":{"line":155,"column":5}},{"start":{},"end":{}}],"line":153},"11":{"loc":{"start":{"line":174,"column":4},"end":{"line":176,"column":5}},"type":"if","locations":[{"start":{"line":174,"column":4},"end":{"line":176,"column":5}},{"start":{},"end":{}}],"line":174}},"s":{"0":1,"1":1,"2":1,"3":1,"4":1,"5":1,"6":1,"7":1,"8":1,"9":1,"10":1,"11":1,"12":30,"13":30,"14":29,"15":29,"16":1,"17":1,"18":28,"19":28,"20":1,"21":1,"22":4,"23":2,"24":4,"25":1,"26":17,"27":17,"28":2,"29":15,"30":1,"31":14,"32":14,"33":14,"34":3,"35":11,"36":1,"37":10,"38":10,"39":10,"40":10,"41":10,"42":1,"43":5,"44":5,"45":5,"46":5,"47":4,"48":5,"49":1,"50":4,"51":1,"52":3,"53":3,"54":3,"55":1,"56":2,"57":2,"58":2,"59":1,"60":2,"61":1,"62":1,"63":1,"64":1},"f":{"0":30,"1":29,"2":28,"3":4,"4":2,"5":17,"6":5,"7":4,"8":2,"9":1},"b":{"0":[29,1],"1":[30,4],"2":[7],"3":[7],"4":[2,15],"5":[17,16],"6":[1,14],"7":[3,11],"8":[1,10],"9":[1,4],"10":[1,3],"11":[1,1]},"_coverageSchema":"1a1c01bbd47fc00a2c39e90264f33305004495a9","hash":"3b3a1687c539085c1744eaf8076d72bd8b0a5249"}
}
