TN:
SF:src\readingWritingDatabase.js
FN:6,(anonymous_0)
FN:14,(anonymous_1)
FN:29,(anonymous_2)
FN:37,(anonymous_3)
FNF:4
FNH:4
FNDA:6,(anonymous_0)
FNDA:26,(anonymous_1)
FNDA:15,(anonymous_2)
FNDA:29,(anonymous_3)
DA:1,2
DA:7,6
DA:16,26
DA:17,1
DA:20,25
DA:30,15
DA:38,29
DA:42,2
LF:8
LH:8
BRDA:16,0,0,1
BRDA:16,0,1,25
BRF:2
BRH:2
end_of_record
TN:
SF:src\server.js
FN:56,(anonymous_0)
FN:60,(anonymous_1)
FN:71,(anonymous_2)
FN:87,(anonymous_3)
FN:89,(anonymous_4)
FN:98,(anonymous_5)
FN:138,(anonymous_6)
FN:147,(anonymous_7)
FN:163,(anonymous_8)
FN:171,(anonymous_9)
FNF:10
FNH:10
FNDA:30,(anonymous_0)
FNDA:29,(anonymous_1)
FNDA:28,(anonymous_2)
FNDA:4,(anonymous_3)
FNDA:2,(anonymous_4)
FNDA:17,(anonymous_5)
FNDA:5,(anonymous_6)
FNDA:4,(anonymous_7)
FNDA:2,(anonymous_8)
FNDA:1,(anonymous_9)
DA:1,1
DA:2,1
DA:5,1
DA:7,1
DA:8,1
DA:9,1
DA:10,1
DA:11,1
DA:41,1
DA:44,1
DA:52,1
DA:56,1
DA:57,30
DA:58,30
DA:59,29
DA:60,29
DA:66,1
DA:71,1
DA:72,28
DA:73,28
DA:76,1
DA:87,1
DA:89,4
DA:94,4
DA:98,1
DA:99,17
DA:103,17
DA:104,2
DA:107,15
DA:109,1
DA:113,14
DA:114,14
DA:117,14
DA:119,3
DA:122,11
DA:124,1
DA:128,10
DA:129,10
DA:130,10
DA:131,10
DA:134,10
DA:138,1
DA:140,5
DA:141,5
DA:144,5
DA:147,5
DA:148,5
DA:149,1
DA:153,4
DA:154,1
DA:158,3
DA:159,3
DA:160,3
DA:163,1
DA:165,2
DA:168,2
DA:171,2
DA:174,2
DA:175,1
DA:179,1
DA:180,1
DA:183,1
LF:62
LH:62
BRDA:58,0,0,29
BRDA:58,0,1,1
BRDA:58,1,0,30
BRDA:58,1,1,4
BRDA:99,2,0,7
BRDA:99,3,0,7
BRDA:103,4,0,2
BRDA:103,4,1,15
BRDA:103,5,0,17
BRDA:103,5,1,16
BRDA:107,6,0,1
BRDA:107,6,1,14
BRDA:117,7,0,3
BRDA:117,7,1,11
BRDA:122,8,0,1
BRDA:122,8,1,10
BRDA:148,9,0,1
BRDA:148,9,1,4
BRDA:153,10,0,1
BRDA:153,10,1,3
BRDA:174,11,0,1
BRDA:174,11,1,1
BRF:22
BRH:22
end_of_record
