TN:
SF:src\readingWritingDatabase.js
FN:6,(anonymous_0)
FN:14,(anonymous_1)
FN:28,(anonymous_2)
FN:36,(anonymous_3)
FNF:4
FNH:4
FNDA:6,(anonymous_0)
FNDA:26,(anonymous_1)
FNDA:15,(anonymous_2)
FNDA:29,(anonymous_3)
DA:1,2
DA:7,6
DA:16,26
DA:17,1
DA:20,25
DA:29,15
DA:37,29
DA:41,2
LF:8
LH:8
BRDA:16,0,0,1
BRDA:16,0,1,25
BRF:2
BRH:2
end_of_record
TN:
SF:src\server.js
FN:56,(anonymous_0)
FN:60,(anonymous_1)
FN:71,(anonymous_2)
FN:76,(anonymous_3)
FN:92,(anonymous_4)
FN:94,(anonymous_5)
FN:103,(anonymous_6)
FN:143,(anonymous_7)
FN:152,(anonymous_8)
FN:168,(anonymous_9)
FN:176,(anonymous_10)
FNF:11
FNH:11
FNDA:30,(anonymous_0)
FNDA:29,(anonymous_1)
FNDA:28,(anonymous_2)
FNDA:28,(anonymous_3)
FNDA:4,(anonymous_4)
FNDA:2,(anonymous_5)
FNDA:17,(anonymous_6)
FNDA:5,(anonymous_7)
FNDA:4,(anonymous_8)
FNDA:2,(anonymous_9)
FNDA:1,(anonymous_10)
DA:1,1
DA:2,1
DA:5,1
DA:7,1
DA:8,1
DA:9,1
DA:10,1
DA:11,1
DA:41,1
DA:44,1
DA:52,1
DA:56,1
DA:57,30
DA:58,30
DA:59,29
DA:60,29
DA:66,1
DA:71,1
DA:72,28
DA:73,28
DA:76,1
DA:77,28
DA:78,28
DA:81,1
DA:92,1
DA:94,4
DA:99,4
DA:103,1
DA:104,17
DA:108,17
DA:109,2
DA:112,15
DA:114,1
DA:118,14
DA:119,14
DA:122,14
DA:124,3
DA:127,11
DA:129,1
DA:133,10
DA:134,10
DA:135,10
DA:136,10
DA:139,10
DA:143,1
DA:145,5
DA:146,5
DA:149,5
DA:152,5
DA:153,5
DA:154,1
DA:158,4
DA:159,1
DA:163,3
DA:164,3
DA:165,3
DA:168,1
DA:170,2
DA:173,2
DA:176,2
DA:179,2
DA:180,1
DA:184,1
DA:185,1
DA:188,1
LF:65
LH:65
BRDA:58,0,0,29
BRDA:58,0,1,1
BRDA:58,1,0,30
BRDA:58,1,1,4
BRDA:104,2,0,7
BRDA:104,3,0,7
BRDA:108,4,0,2
BRDA:108,4,1,15
BRDA:108,5,0,17
BRDA:108,5,1,16
BRDA:112,6,0,1
BRDA:112,6,1,14
BRDA:122,7,0,3
BRDA:122,7,1,11
BRDA:127,8,0,1
BRDA:127,8,1,10
BRDA:153,9,0,1
BRDA:153,9,1,4
BRDA:158,10,0,1
BRDA:158,10,1,3
BRDA:179,11,0,1
BRDA:179,11,1,1
BRF:22
BRH:22
end_of_record
